<?xml version="1.0" encoding="UTF-8"?>
<testng-results ignored="0" total="1" passed="1" failed="0" skipped="0">
  <reporter-output>
  </reporter-output>
  <suite started-at="2023-10-06T01:31:18 IST" name="Suite" finished-at="2023-10-06T01:31:32 IST" duration-ms="14443">
    <groups>
    </groups>
    <test started-at="2023-10-06T01:31:18 IST" name="Test" finished-at="2023-10-06T01:31:32 IST" duration-ms="14443">
      <class name="RailwayProject.Case_1">
        <test-method is-config="true" signature="BrowserLaunch()[pri:0, instance:RailwayProject.Case_1@345f69f3]" started-at="2023-10-06T01:31:18 IST" name="BrowserLaunch" finished-at="2023-10-06T01:31:25 IST" duration-ms="7337" status="PASS">
          <reporter-output>
          </reporter-output>
        </test-method> <!-- BrowserLaunch -->
        <test-method signature="CreateTheReport()[pri:0, instance:RailwayProject.Case_1@345f69f3]" started-at="2023-10-06T01:31:25 IST" name="CreateTheReport" finished-at="2023-10-06T01:31:32 IST" duration-ms="6587" status="PASS">
          <reporter-output>
          </reporter-output>
        </test-method> <!-- CreateTheReport -->
        <test-method is-config="true" signature="BrowserTearDown()[pri:0, instance:RailwayProject.Case_1@345f69f3]" started-at="2023-10-06T01:31:32 IST" name="BrowserTearDown" finished-at="2023-10-06T01:31:32 IST" duration-ms="418" status="PASS">
          <reporter-output>
          </reporter-output>
        </test-method> <!-- BrowserTearDown -->
      </class> <!-- RailwayProject.Case_1 -->
    </test> <!-- Test -->
  </suite> <!-- Suite -->
</testng-results>
